{"uuid":"d2efc376-083b-40fd-8dfb-c5dd4710bd31","historyId":"8d1842a48c1bb3e81fce8dcef6800daa","testCaseId":"[engine:junit-jupiter]/[class:ru.apatch.addressbook.tests.ContactCreationTests]/[test-template:CanNotCreateContact(ru.apatch.addressbook.model.ContactData)]","testCaseName":"CanNotCreateContact(ContactData)","fullName":"ru.apatch.addressbook.tests.ContactCreationTests.CanNotCreateContact","labels":[{"name":"junit.platform.uniqueid","value":"[engine:junit-jupiter]/[class:ru.apatch.addressbook.tests.ContactCreationTests]/[test-template:CanNotCreateContact(ru.apatch.addressbook.model.ContactData)]/[test-template-invocation:#1]"},{"name":"host","value":"DESKTOP-VFD5C7B"},{"name":"thread","value":"5132@DESKTOP-VFD5C7B.Test worker(1)"},{"name":"framework","value":"junit-platform"},{"name":"language","value":"java"},{"name":"package","value":"ru.apatch.addressbook.tests.ContactCreationTests"},{"name":"testClass","value":"ru.apatch.addressbook.tests.ContactCreationTests"},{"name":"testMethod","value":"CanNotCreateContact"},{"name":"suite","value":"ru.apatch.addressbook.tests.ContactCreationTests"}],"links":[],"name":"CanNotCreateContact(ContactData) [1] ContactData[id=, firstname=contact', lastname=, address=, mobile=, email=, photo=, home=, work=, secondary=, email2=, email3=, address2=]","status":"broken","statusDetails":{"known":false,"muted":false,"flaky":false,"message":"no such element: Unable to locate element: {\"method\":\"link text\",\"selector\":\"add new\"}\n  (Session info: chrome=135.0.7049.115)\nFor documentation on this error, please visit: https://www.selenium.dev/documentation/webdriver/troubleshooting/errors#no-such-element-exception\nBuild info: version: '4.31.0', revision: '1ef9f18787*'\nSystem info: os.name: 'Windows 10', os.arch: 'amd64', os.version: '10.0', java.version: '21.0.6'\nDriver info: org.openqa.selenium.chrome.ChromeDriver\nCommand: [1bbcc39a77e50c797df691007037130f, findElement {value=add new, using=link text}]\nCapabilities {acceptInsecureCerts: false, browserName: chrome, browserVersion: 135.0.7049.115, chrome: {chromedriverVersion: 135.0.7049.114 (63fd8a7d9d0..., userDataDir: C:\\Users\\tester\\AppData\\Loc...}, fedcm:accounts: true, goog:chromeOptions: {debuggerAddress: localhost:49814}, networkConnectionEnabled: false, pageLoadStrategy: normal, platformName: windows, proxy: Proxy(), se:cdp: ws://localhost:49814/devtoo..., se:cdpVersion: 135.0.7049.115, setWindowRect: true, strictFileInteractability: false, timeouts: {implicit: 0, pageLoad: 300000, script: 30000}, unhandledPromptBehavior: dismiss and notify, webauthn:extension:credBlob: true, webauthn:extension:largeBlob: true, webauthn:extension:minPinLength: true, webauthn:extension:prf: true, webauthn:virtualAuthenticators: true}\nSession ID: 1bbcc39a77e50c797df691007037130f","trace":"org.openqa.selenium.NoSuchElementException: no such element: Unable to locate element: {\"method\":\"link text\",\"selector\":\"add new\"}\n  (Session info: chrome=135.0.7049.115)\nFor documentation on this error, please visit: https://www.selenium.dev/documentation/webdriver/troubleshooting/errors#no-such-element-exception\nBuild info: version: '4.31.0', revision: '1ef9f18787*'\nSystem info: os.name: 'Windows 10', os.arch: 'amd64', os.version: '10.0', java.version: '21.0.6'\nDriver info: org.openqa.selenium.chrome.ChromeDriver\nCommand: [1bbcc39a77e50c797df691007037130f, findElement {value=add new, using=link text}]\nCapabilities {acceptInsecureCerts: false, browserName: chrome, browserVersion: 135.0.7049.115, chrome: {chromedriverVersion: 135.0.7049.114 (63fd8a7d9d0..., userDataDir: C:\\Users\\tester\\AppData\\Loc...}, fedcm:accounts: true, goog:chromeOptions: {debuggerAddress: localhost:49814}, networkConnectionEnabled: false, pageLoadStrategy: normal, platformName: windows, proxy: Proxy(), se:cdp: ws://localhost:49814/devtoo..., se:cdpVersion: 135.0.7049.115, setWindowRect: true, strictFileInteractability: false, timeouts: {implicit: 0, pageLoad: 300000, script: 30000}, unhandledPromptBehavior: dismiss and notify, webauthn:extension:credBlob: true, webauthn:extension:largeBlob: true, webauthn:extension:minPinLength: true, webauthn:extension:prf: true, webauthn:virtualAuthenticators: true}\nSession ID: 1bbcc39a77e50c797df691007037130f\r\n\tat java.base/jdk.internal.reflect.DirectConstructorHandleAccessor.newInstance(DirectConstructorHandleAccessor.java:62)\r\n\tat java.base/java.lang.reflect.Constructor.newInstanceWithCaller(Constructor.java:502)\r\n\tat java.base/java.lang.reflect.Constructor.newInstance(Constructor.java:486)\r\n\tat org.openqa.selenium.remote.ErrorCodec.decode(ErrorCodec.java:167)\r\n\tat org.openqa.selenium.remote.codec.w3c.W3CHttpResponseCodec.decode(W3CHttpResponseCodec.java:138)\r\n\tat org.openqa.selenium.remote.codec.w3c.W3CHttpResponseCodec.decode(W3CHttpResponseCodec.java:50)\r\n\tat org.openqa.selenium.remote.HttpCommandExecutor.execute(HttpCommandExecutor.java:215)\r\n\tat org.openqa.selenium.remote.service.DriverCommandExecutor.invokeExecute(DriverCommandExecutor.java:216)\r\n\tat org.openqa.selenium.remote.service.DriverCommandExecutor.execute(DriverCommandExecutor.java:174)\r\n\tat org.openqa.selenium.remote.RemoteWebDriver.execute(RemoteWebDriver.java:545)\r\n\tat org.openqa.selenium.remote.ElementLocation$ElementFinder$2.findElement(ElementLocation.java:165)\r\n\tat org.openqa.selenium.remote.ElementLocation.findElement(ElementLocation.java:59)\r\n\tat org.openqa.selenium.remote.RemoteWebDriver.findElement(RemoteWebDriver.java:368)\r\n\tat org.openqa.selenium.remote.RemoteWebDriver.findElement(RemoteWebDriver.java:362)\r\n\tat ru.apatch.addressbook.manager.HelperBase.click(HelperBase.java:21)\r\n\tat ru.apatch.addressbook.manager.ContactHelper.CreateContact(ContactHelper.java:21)\r\n\tat ru.apatch.addressbook.tests.ContactCreationTests.CanNotCreateContact(ContactCreationTests.java:75)\r\n\tat java.base/java.lang.reflect.Method.invoke(Method.java:580)\r\n\tat java.base/java.util.stream.ForEachOps$ForEachOp$OfRef.accept(ForEachOps.java:184)\r\n\tat java.base/java.util.stream.ReferencePipeline$3$1.accept(ReferencePipeline.java:197)\r\n\tat java.base/java.util.stream.ReferencePipeline$2$1.accept(ReferencePipeline.java:179)\r\n\tat java.base/java.util.stream.ReferencePipeline$3$1.accept(ReferencePipeline.java:197)\r\n\tat java.base/java.util.stream.ForEachOps$ForEachOp$OfRef.accept(ForEachOps.java:184)\r\n\tat java.base/java.util.stream.ReferencePipeline$3$1.accept(ReferencePipeline.java:197)\r\n\tat java.base/java.util.stream.ReferencePipeline$3$1.accept(ReferencePipeline.java:197)\r\n\tat java.base/java.util.stream.ReferencePipeline$3$1.accept(ReferencePipeline.java:197)\r\n\tat java.base/java.util.stream.ForEachOps$ForEachOp$OfRef.accept(ForEachOps.java:184)\r\n\tat java.base/java.util.stream.ReferencePipeline$3$1.accept(ReferencePipeline.java:197)\r\n\tat java.base/java.util.ArrayList$ArrayListSpliterator.forEachRemaining(ArrayList.java:1708)\r\n\tat java.base/java.util.stream.ReferencePipeline$Head.forEach(ReferencePipeline.java:762)\r\n\tat java.base/java.util.stream.ReferencePipeline$7$1.accept(ReferencePipeline.java:276)\r\n\tat java.base/java.util.stream.ReferencePipeline$3$1.accept(ReferencePipeline.java:197)\r\n\tat java.base/java.util.stream.ReferencePipeline$3$1.accept(ReferencePipeline.java:197)\r\n\tat java.base/java.util.stream.ReferencePipeline$3$1.accept(ReferencePipeline.java:197)\r\n\tat java.base/java.util.Spliterators$ArraySpliterator.forEachRemaining(Spliterators.java:1024)\r\n\tat java.base/java.util.stream.AbstractPipeline.copyInto(AbstractPipeline.java:509)\r\n\tat java.base/java.util.stream.AbstractPipeline.wrapAndCopyInto(AbstractPipeline.java:499)\r\n\tat java.base/java.util.stream.ForEachOps$ForEachOp.evaluateSequential(ForEachOps.java:151)\r\n\tat java.base/java.util.stream.ForEachOps$ForEachOp$OfRef.evaluateSequential(ForEachOps.java:174)\r\n\tat java.base/java.util.stream.AbstractPipeline.evaluate(AbstractPipeline.java:234)\r\n\tat java.base/java.util.stream.ReferencePipeline.forEach(ReferencePipeline.java:596)\r\n\tat java.base/java.util.stream.ReferencePipeline$7$1.accept(ReferencePipeline.java:276)\r\n\tat java.base/java.util.stream.ReferencePipeline$3$1.accept(ReferencePipeline.java:197)\r\n\tat java.base/java.util.stream.ReferencePipeline$3$1.accept(ReferencePipeline.java:197)\r\n\tat java.base/java.util.stream.ReferencePipeline$3$1.accept(ReferencePipeline.java:197)\r\n\tat java.base/java.util.ArrayList$ArrayListSpliterator.forEachRemaining(ArrayList.java:1708)\r\n\tat java.base/java.util.stream.AbstractPipeline.copyInto(AbstractPipeline.java:509)\r\n\tat java.base/java.util.stream.AbstractPipeline.wrapAndCopyInto(AbstractPipeline.java:499)\r\n\tat java.base/java.util.stream.ForEachOps$ForEachOp.evaluateSequential(ForEachOps.java:151)\r\n\tat java.base/java.util.stream.ForEachOps$ForEachOp$OfRef.evaluateSequential(ForEachOps.java:174)\r\n\tat java.base/java.util.stream.AbstractPipeline.evaluate(AbstractPipeline.java:234)\r\n\tat java.base/java.util.stream.ReferencePipeline.forEach(ReferencePipeline.java:596)\r\n\tat java.base/java.util.stream.ReferencePipeline$7$1.accept(ReferencePipeline.java:276)\r\n\tat java.base/java.util.ArrayList$ArrayListSpliterator.forEachRemaining(ArrayList.java:1708)\r\n\tat java.base/java.util.stream.AbstractPipeline.copyInto(AbstractPipeline.java:509)\r\n\tat java.base/java.util.stream.AbstractPipeline.wrapAndCopyInto(AbstractPipeline.java:499)\r\n\tat java.base/java.util.stream.ForEachOps$ForEachOp.evaluateSequential(ForEachOps.java:151)\r\n\tat java.base/java.util.stream.ForEachOps$ForEachOp$OfRef.evaluateSequential(ForEachOps.java:174)\r\n\tat java.base/java.util.stream.AbstractPipeline.evaluate(AbstractPipeline.java:234)\r\n\tat java.base/java.util.stream.ReferencePipeline.forEach(ReferencePipeline.java:596)\r\n\tat java.base/java.util.ArrayList.forEach(ArrayList.java:1596)\r\n\tat java.base/java.util.ArrayList.forEach(ArrayList.java:1596)\r\n\tSuppressed: java.lang.RuntimeException: com.mysql.cj.jdbc.exceptions.CommunicationsException: Communications link failure\n\nThe last packet sent successfully to the server was 0 milliseconds ago. The driver has not received any packets from the server.\r\n\t\tat ru.apatch.addressbook.manager.JdbcHelper.checkConsistency(JdbcHelper.java:61)\r\n\t\tat ru.apatch.addressbook.tests.TestBase.checkDatabaseConsistency(TestBase.java:28)\r\n\t\t... 45 more\r\n\tCaused by: com.mysql.cj.jdbc.exceptions.CommunicationsException: Communications link failure\n\nThe last packet sent successfully to the server was 0 milliseconds ago. The driver has not received any packets from the server.\r\n\t\tat com.mysql.cj.jdbc.exceptions.SQLError.createCommunicationsException(SQLError.java:165)\r\n\t\tat com.mysql.cj.jdbc.exceptions.SQLExceptionsMapping.translateException(SQLExceptionsMapping.java:55)\r\n\t\tat com.mysql.cj.jdbc.ConnectionImpl.createNewIO(ConnectionImpl.java:837)\r\n\t\tat com.mysql.cj.jdbc.ConnectionImpl.<init>(ConnectionImpl.java:420)\r\n\t\tat com.mysql.cj.jdbc.ConnectionImpl.getInstance(ConnectionImpl.java:238)\r\n\t\tat com.mysql.cj.jdbc.NonRegisteringDriver.connect(NonRegisteringDriver.java:180)\r\n\t\tat java.sql/java.sql.DriverManager.getConnection(DriverManager.java:683)\r\n\t\tat java.sql/java.sql.DriverManager.getConnection(DriverManager.java:230)\r\n\t\tat ru.apatch.addressbook.manager.JdbcHelper.checkConsistency(JdbcHelper.java:53)\r\n\t\t... 46 more\r\n\tCaused by: com.mysql.cj.exceptions.CJCommunicationsException: Communications link failure\n\nThe last packet sent successfully to the server was 0 milliseconds ago. The driver has not received any packets from the server.\r\n\t\tat java.base/java.lang.reflect.Constructor.newInstanceWithCaller(Constructor.java:502)\r\n\t\tat java.base/java.lang.reflect.Constructor.newInstance(Constructor.java:486)\r\n\t\tat com.mysql.cj.exceptions.ExceptionFactory.createException(ExceptionFactory.java:52)\r\n\t\tat com.mysql.cj.exceptions.ExceptionFactory.createException(ExceptionFactory.java:95)\r\n\t\tat com.mysql.cj.exceptions.ExceptionFactory.createException(ExceptionFactory.java:140)\r\n\t\tat com.mysql.cj.exceptions.ExceptionFactory.createCommunicationsException(ExceptionFactory.java:156)\r\n\t\tat com.mysql.cj.protocol.a.NativeSocketConnection.connect(NativeSocketConnection.java:79)\r\n\t\tat com.mysql.cj.NativeSession.connect(NativeSession.java:142)\r\n\t\tat com.mysql.cj.jdbc.ConnectionImpl.connectOneTryOnly(ConnectionImpl.java:961)\r\n\t\tat com.mysql.cj.jdbc.ConnectionImpl.createNewIO(ConnectionImpl.java:825)\r\n\t\t... 52 more\r\n\tCaused by: java.net.ConnectException: Connection refused: connect\r\n\t\tat java.base/sun.nio.ch.Net.connect0(Native Method)\r\n\t\tat java.base/sun.nio.ch.Net.connect(Net.java:589)\r\n\t\tat java.base/sun.nio.ch.Net.connect(Net.java:578)\r\n\t\tat java.base/sun.nio.ch.NioSocketImpl.connect(NioSocketImpl.java:583)\r\n\t\tat java.base/java.net.SocksSocketImpl.connect(SocksSocketImpl.java:327)\r\n\t\tat java.base/java.net.Socket.connect(Socket.java:751)\r\n\t\tat com.mysql.cj.protocol.StandardSocketFactory.connect(StandardSocketFactory.java:144)\r\n\t\tat com.mysql.cj.protocol.a.NativeSocketConnection.connect(NativeSocketConnection.java:53)\r\n\t\t... 55 more\r\n"},"stage":"finished","description":"","steps":[],"attachments":[],"parameters":[{"name":"UniqueId","value":"[engine:junit-jupiter]/[class:ru.apatch.addressbook.tests.ContactCreationTests]/[test-template:CanNotCreateContact(ru.apatch.addressbook.model.ContactData)]/[test-template-invocation:#1]","mode":"hidden"}],"start":1745841559027,"stop":1745841559089}